0    INFO  (main) [   ] o.e.j.u.log Logging initialized @346ms
167  INFO  (main) [   ] o.e.j.s.Server jetty-9.3.8.v20160314
179  INFO  (main) [   ] o.e.j.d.p.ScanningAppProvider Deployment monitor [file:///opt/solr-6.2.1/server/contexts/] at interval 0
483  INFO  (main) [   ] o.e.j.w.StandardDescriptorProcessor NO JSP Support for /solr, did not find org.apache.jasper.servlet.JspServlet
491  WARN  (main) [   ] o.e.j.s.SecurityHandler ServletContext@o.e.j.w.WebAppContext@5f9d02cb{/solr,file:///opt/solr-6.2.1/server/solr-webapp/webapp/,STARTING}{/opt/solr-6.2.1/server/solr-webapp/webapp} has uncovered http methods for path: /
497  INFO  (main) [   ] o.a.s.s.SolrDispatchFilter SolrDispatchFilter.init(): WebAppClassLoader=1335298403@4f970963
511  INFO  (main) [   ] o.a.s.c.SolrResourceLoader JNDI not configured for solr (NoInitialContextEx)
511  INFO  (main) [   ] o.a.s.c.SolrResourceLoader using system property solr.solr.home: /var/solr/data
513  INFO  (main) [   ] o.a.s.c.SolrResourceLoader new SolrResourceLoader for directory: '/var/solr/data'
513  INFO  (main) [   ] o.a.s.c.SolrResourceLoader JNDI not configured for solr (NoInitialContextEx)
513  INFO  (main) [   ] o.a.s.c.SolrResourceLoader using system property solr.solr.home: /var/solr/data
516  INFO  (main) [   ] o.a.s.c.SolrXmlConfig Loading container configuration from /var/solr/data/solr.xml
566  INFO  (main) [   ] o.a.s.c.CorePropertiesLocator Config-defined core root directory: /var/solr/data
585  INFO  (main) [   ] o.a.s.c.CoreContainer New CoreContainer 1074593562
586  INFO  (main) [   ] o.a.s.c.CoreContainer Loading cores into CoreContainer [instanceDir=/var/solr/data]
586  INFO  (main) [   ] o.a.s.c.SolrResourceLoader Adding 'file:/var/solr/data/lib/dataimporthandler-extras/' to classloader
586  INFO  (main) [   ] o.a.s.c.SolrResourceLoader Adding 'file:/var/solr/data/lib/dataimporthandler/' to classloader
657  INFO  (main) [   ] o.a.s.h.c.HttpShardHandlerFactory created with socketTimeout : 600000,connTimeout : 60000,maxConnectionsPerHost : 20,maxConnections : 10000,corePoolSize : 0,maximumPoolSize : 2147483647,maxThreadIdleTime : 5,sizeOfQueue : -1,fairnessPolicy : false,useRetries : false,connectionsEvictorSleepDelay : 5000,maxConnectionIdleTime : 40000,
780  INFO  (main) [   ] o.a.s.u.UpdateShardHandler Creating UpdateShardHandler HTTP client with params: socketTimeout=600000&connTimeout=60000&retry=true
790  INFO  (main) [   ] o.a.s.l.LogWatcher SLF4J impl is org.slf4j.impl.Log4jLoggerFactory
791  INFO  (main) [   ] o.a.s.l.LogWatcher Registering Log Listener [Log4j (org.slf4j.impl.Log4jLoggerFactory)]
792  INFO  (main) [   ] o.a.s.c.CoreContainer Security conf doesn't exist. Skipping setup for authorization module.
792  INFO  (main) [   ] o.a.s.c.CoreContainer No authentication plugin used.
917  INFO  (main) [   ] o.a.s.c.CorePropertiesLocator Looking for core definitions underneath /var/solr/data
923  INFO  (main) [   ] o.a.s.c.CoreDescriptor Created CoreDescriptor: {name=namesearch, config=solrconfig.xml, loadOnStartup=true, schema=schema.xml, configSetProperties=configsetprops.json, transient=false, dataDir=data}
923  INFO  (main) [   ] o.a.s.c.CorePropertiesLocator Found core namesearch in /var/solr/data/namesearch
924  INFO  (main) [   ] o.a.s.c.CorePropertiesLocator Found 1 core definitions
935  INFO  (main) [   ] o.a.s.s.SolrDispatchFilter user.dir=/opt/solr-6.2.1/server
935  INFO  (main) [   ] o.a.s.s.SolrDispatchFilter SolrDispatchFilter.init() done
1004 INFO  (main) [   ] o.e.j.s.h.ContextHandler Started o.e.j.w.WebAppContext@5f9d02cb{/solr,file:///opt/solr-6.2.1/server/solr-webapp/webapp/,AVAILABLE}{/opt/solr-6.2.1/server/solr-webapp/webapp}
1006 INFO  (coreLoadExecutor-6-thread-1) [   ] o.a.s.c.SolrResourceLoader new SolrResourceLoader for directory: '/var/solr/data/namesearch'
1006 INFO  (coreLoadExecutor-6-thread-1) [   ] o.a.s.c.SolrResourceLoader JNDI not configured for solr (NoInitialContextEx)
1006 INFO  (coreLoadExecutor-6-thread-1) [   ] o.a.s.c.SolrResourceLoader using system property solr.solr.home: /var/solr/data
1010 INFO  (coreLoadExecutor-6-thread-1) [   ] o.a.s.c.SolrResourceLoader Adding 'file:/var/solr/data/namesearch/lib/hsqldb-1.8.0.10.jar' to classloader
1010 INFO  (coreLoadExecutor-6-thread-1) [   ] o.a.s.c.SolrResourceLoader Adding 'file:/var/solr/data/namesearch/lib/derby-10.9.1.0.jar' to classloader
1041 INFO  (main) [   ] o.e.j.s.ServerConnector Started ServerConnector@644baf4a{HTTP/1.1,[http/1.1]}{0.0.0.0:8099}
1041 INFO  (main) [   ] o.e.j.s.Server Started @1388ms
1077 INFO  (coreLoadExecutor-6-thread-1) [   ] o.a.s.c.SolrConfig current version of requestparams : 0
1079 INFO  (coreLoadExecutor-6-thread-1) [   ] o.a.s.c.SolrConfig Adding specified lib dirs to ClassLoader
1081 INFO  (coreLoadExecutor-6-thread-1) [   ] o.a.s.c.SolrResourceLoader Adding 'file:/opt/solr/contrib/extraction/lib/poi-ooxml-schemas-3.15-beta1.jar' to classloader
1081 INFO  (coreLoadExecutor-6-thread-1) [   ] o.a.s.c.SolrResourceLoader Adding 'file:/opt/solr/contrib/extraction/lib/rome-1.0.jar' to classloader
1081 INFO  (coreLoadExecutor-6-thread-1) [   ] o.a.s.c.SolrResourceLoader Adding 'file:/opt/solr/contrib/extraction/lib/xercesImpl-2.9.1.jar' to classloader
1081 INFO  (coreLoadExecutor-6-thread-1) [   ] o.a.s.c.SolrResourceLoader Adding 'file:/opt/solr/contrib/extraction/lib/fontbox-2.0.1.jar' to classloader
1081 INFO  (coreLoadExecutor-6-thread-1) [   ] o.a.s.c.SolrResourceLoader Adding 'file:/opt/solr/contrib/extraction/lib/tagsoup-1.2.1.jar' to classloader
1081 INFO  (coreLoadExecutor-6-thread-1) [   ] o.a.s.c.SolrResourceLoader Adding 'file:/opt/solr/contrib/extraction/lib/bcprov-jdk15-1.45.jar' to classloader
1081 INFO  (coreLoadExecutor-6-thread-1) [   ] o.a.s.c.SolrResourceLoader Adding 'file:/opt/solr/contrib/extraction/lib/tika-xmp-1.13.jar' to classloader
1081 INFO  (coreLoadExecutor-6-thread-1) [   ] o.a.s.c.SolrResourceLoader Adding 'file:/opt/solr/contrib/extraction/lib/poi-ooxml-3.15-beta1.jar' to classloader
1081 INFO  (coreLoadExecutor-6-thread-1) [   ] o.a.s.c.SolrResourceLoader Adding 'file:/opt/solr/contrib/extraction/lib/xmpcore-5.1.2.jar' to classloader
1081 INFO  (coreLoadExecutor-6-thread-1) [   ] o.a.s.c.SolrResourceLoader Adding 'file:/opt/solr/contrib/extraction/lib/jdom-1.0.jar' to classloader
1081 INFO  (coreLoadExecutor-6-thread-1) [   ] o.a.s.c.SolrResourceLoader Adding 'file:/opt/solr/contrib/extraction/lib/bcmail-jdk15-1.45.jar' to classloader
1082 INFO  (coreLoadExecutor-6-thread-1) [   ] o.a.s.c.SolrResourceLoader Adding 'file:/opt/solr/contrib/extraction/lib/jmatio-1.0.jar' to classloader
1082 INFO  (coreLoadExecutor-6-thread-1) [   ] o.a.s.c.SolrResourceLoader Adding 'file:/opt/solr/contrib/extraction/lib/tika-parsers-1.13.jar' to classloader
1082 INFO  (coreLoadExecutor-6-thread-1) [   ] o.a.s.c.SolrResourceLoader Adding 'file:/opt/solr/contrib/extraction/lib/tika-core-1.13.jar' to classloader
1082 INFO  (coreLoadExecutor-6-thread-1) [   ] o.a.s.c.SolrResourceLoader Adding 'file:/opt/solr/contrib/extraction/lib/jackcess-2.1.3.jar' to classloader
1082 INFO  (coreLoadExecutor-6-thread-1) [   ] o.a.s.c.SolrResourceLoader Adding 'file:/opt/solr/contrib/extraction/lib/xmlbeans-2.6.0.jar' to classloader
1082 INFO  (coreLoadExecutor-6-thread-1) [   ] o.a.s.c.SolrResourceLoader Adding 'file:/opt/solr/contrib/extraction/lib/poi-3.15-beta1.jar' to classloader
1082 INFO  (coreLoadExecutor-6-thread-1) [   ] o.a.s.c.SolrResourceLoader Adding 'file:/opt/solr/contrib/extraction/lib/pdfbox-2.0.1.jar' to classloader
1082 INFO  (coreLoadExecutor-6-thread-1) [   ] o.a.s.c.SolrResourceLoader Adding 'file:/opt/solr/contrib/extraction/lib/metadata-extractor-2.8.1.jar' to classloader
1082 INFO  (coreLoadExecutor-6-thread-1) [   ] o.a.s.c.SolrResourceLoader Adding 'file:/opt/solr/contrib/extraction/lib/jempbox-1.8.12.jar' to classloader
1082 INFO  (coreLoadExecutor-6-thread-1) [   ] o.a.s.c.SolrResourceLoader Adding 'file:/opt/solr/contrib/extraction/lib/boilerpipe-1.1.0.jar' to classloader
1082 INFO  (coreLoadExecutor-6-thread-1) [   ] o.a.s.c.SolrResourceLoader Adding 'file:/opt/solr/contrib/extraction/lib/isoparser-1.1.18.jar' to classloader
1082 INFO  (coreLoadExecutor-6-thread-1) [   ] o.a.s.c.SolrResourceLoader Adding 'file:/opt/solr/contrib/extraction/lib/vorbis-java-tika-0.8.jar' to classloader
1082 INFO  (coreLoadExecutor-6-thread-1) [   ] o.a.s.c.SolrResourceLoader Adding 'file:/opt/solr/contrib/extraction/lib/pdfbox-tools-2.0.1.jar' to classloader
1082 INFO  (coreLoadExecutor-6-thread-1) [   ] o.a.s.c.SolrResourceLoader Adding 'file:/opt/solr/contrib/extraction/lib/juniversalchardet-1.0.3.jar' to classloader
1082 INFO  (coreLoadExecutor-6-thread-1) [   ] o.a.s.c.SolrResourceLoader Adding 'file:/opt/solr/contrib/extraction/lib/vorbis-java-core-0.8.jar' to classloader
1082 INFO  (coreLoadExecutor-6-thread-1) [   ] o.a.s.c.SolrResourceLoader Adding 'file:/opt/solr/contrib/extraction/lib/apache-mime4j-core-0.7.2.jar' to classloader
1082 INFO  (coreLoadExecutor-6-thread-1) [   ] o.a.s.c.SolrResourceLoader Adding 'file:/opt/solr/contrib/extraction/lib/icu4j-56.1.jar' to classloader
1082 INFO  (coreLoadExecutor-6-thread-1) [   ] o.a.s.c.SolrResourceLoader Adding 'file:/opt/solr/contrib/extraction/lib/commons-compress-1.11.jar' to classloader
1082 INFO  (coreLoadExecutor-6-thread-1) [   ] o.a.s.c.SolrResourceLoader Adding 'file:/opt/solr/contrib/extraction/lib/aspectjrt-1.8.0.jar' to classloader
1082 INFO  (coreLoadExecutor-6-thread-1) [   ] o.a.s.c.SolrResourceLoader Adding 'file:/opt/solr/contrib/extraction/lib/java-libpst-0.8.1.jar' to classloader
1082 INFO  (coreLoadExecutor-6-thread-1) [   ] o.a.s.c.SolrResourceLoader Adding 'file:/opt/solr/contrib/extraction/lib/poi-scratchpad-3.15-beta1.jar' to classloader
1082 INFO  (coreLoadExecutor-6-thread-1) [   ] o.a.s.c.SolrResourceLoader Adding 'file:/opt/solr/contrib/extraction/lib/apache-mime4j-dom-0.7.2.jar' to classloader
1082 INFO  (coreLoadExecutor-6-thread-1) [   ] o.a.s.c.SolrResourceLoader Adding 'file:/opt/solr/contrib/extraction/lib/xz-1.5.jar' to classloader
1082 INFO  (coreLoadExecutor-6-thread-1) [   ] o.a.s.c.SolrResourceLoader Adding 'file:/opt/solr/contrib/extraction/lib/tika-java7-1.13.jar' to classloader
1082 INFO  (coreLoadExecutor-6-thread-1) [   ] o.a.s.c.SolrResourceLoader Adding 'file:/opt/solr/dist/solr-cell-6.2.1.jar' to classloader
1082 INFO  (coreLoadExecutor-6-thread-1) [   ] o.a.s.c.SolrResourceLoader Adding 'file:/opt/solr/contrib/clustering/lib/jackson-databind-2.5.4.jar' to classloader
1082 INFO  (coreLoadExecutor-6-thread-1) [   ] o.a.s.c.SolrResourceLoader Adding 'file:/opt/solr/contrib/clustering/lib/carrot2-mini-3.12.0.jar' to classloader
1082 INFO  (coreLoadExecutor-6-thread-1) [   ] o.a.s.c.SolrResourceLoader Adding 'file:/opt/solr/contrib/clustering/lib/carrot2-guava-18.0.jar' to classloader
1082 INFO  (coreLoadExecutor-6-thread-1) [   ] o.a.s.c.SolrResourceLoader Adding 'file:/opt/solr/contrib/clustering/lib/simple-xml-2.7.1.jar' to classloader
1082 INFO  (coreLoadExecutor-6-thread-1) [   ] o.a.s.c.SolrResourceLoader Adding 'file:/opt/solr/contrib/clustering/lib/jackson-annotations-2.5.4.jar' to classloader
1082 INFO  (coreLoadExecutor-6-thread-1) [   ] o.a.s.c.SolrResourceLoader Adding 'file:/opt/solr/contrib/clustering/lib/attributes-binder-1.3.1.jar' to classloader
1082 INFO  (coreLoadExecutor-6-thread-1) [   ] o.a.s.c.SolrResourceLoader Adding 'file:/opt/solr/dist/solr-clustering-6.2.1.jar' to classloader
1082 INFO  (coreLoadExecutor-6-thread-1) [   ] o.a.s.c.SolrResourceLoader Adding 'file:/opt/solr/contrib/langid/lib/langdetect-1.1-20120112.jar' to classloader
1083 INFO  (coreLoadExecutor-6-thread-1) [   ] o.a.s.c.SolrResourceLoader Adding 'file:/opt/solr/contrib/langid/lib/jsonic-1.2.7.jar' to classloader
1083 INFO  (coreLoadExecutor-6-thread-1) [   ] o.a.s.c.SolrResourceLoader Adding 'file:/opt/solr/dist/solr-langid-6.2.1.jar' to classloader
1083 INFO  (coreLoadExecutor-6-thread-1) [   ] o.a.s.c.SolrResourceLoader Adding 'file:/opt/solr/contrib/velocity/lib/velocity-1.7.jar' to classloader
1083 INFO  (coreLoadExecutor-6-thread-1) [   ] o.a.s.c.SolrResourceLoader Adding 'file:/opt/solr/contrib/velocity/lib/commons-collections-3.2.2.jar' to classloader
1083 INFO  (coreLoadExecutor-6-thread-1) [   ] o.a.s.c.SolrResourceLoader Adding 'file:/opt/solr/contrib/velocity/lib/commons-beanutils-1.8.3.jar' to classloader
1083 INFO  (coreLoadExecutor-6-thread-1) [   ] o.a.s.c.SolrResourceLoader Adding 'file:/opt/solr/contrib/velocity/lib/velocity-tools-2.0.jar' to classloader
1083 INFO  (coreLoadExecutor-6-thread-1) [   ] o.a.s.c.SolrResourceLoader Adding 'file:/opt/solr/dist/solr-velocity-6.2.1.jar' to classloader
1083 INFO  (coreLoadExecutor-6-thread-1) [   ] o.a.s.c.SolrResourceLoader Adding 'file:/opt/solr/contrib/dataimporthandler/lib/mysql-connector-java-5.1.39-bin.jar' to classloader
1083 INFO  (coreLoadExecutor-6-thread-1) [   ] o.a.s.c.SolrResourceLoader Adding 'file:/opt/solr/dist/solr-dataimporthandler-6.2.1.jar' to classloader
1083 INFO  (coreLoadExecutor-6-thread-1) [   ] o.a.s.c.SolrResourceLoader Adding 'file:/opt/solr/dist/solr-dataimporthandler-extras-6.2.1.jar' to classloader
1116 INFO  (coreLoadExecutor-6-thread-1) [   ] o.a.s.c.SolrConfig Using Lucene MatchVersion: 6.0.0
1206 INFO  (coreLoadExecutor-6-thread-1) [   ] o.a.s.c.SolrConfig Loaded SolrConfig: solrconfig.xml
1248 INFO  (coreLoadExecutor-6-thread-1) [   ] o.a.s.s.IndexSchema [namesearch] Schema name=example-DIH-db
1703 INFO  (coreLoadExecutor-6-thread-1) [   ] o.a.s.s.IndexSchema unique key field: id
1793 INFO  (coreLoadExecutor-6-thread-1) [   ] o.a.s.r.RestManager Registered ManagedResource impl org.apache.solr.rest.schema.analysis.ManagedWordSetResource for path /schema/analysis/stopwords/persian
1803 INFO  (coreLoadExecutor-6-thread-1) [   ] o.a.s.s.FileExchangeRateProvider Reloading exchange rates from file currency.xml
1808 INFO  (coreLoadExecutor-6-thread-1) [   ] o.a.s.s.FileExchangeRateProvider Reloading exchange rates from file currency.xml
1828 INFO  (coreLoadExecutor-6-thread-1) [   ] o.a.s.r.RestManager Added observer of type org.apache.solr.rest.schema.analysis.ManagedStopFilterFactory to existing ManagedResource /schema/analysis/stopwords/persian
1836 INFO  (coreLoadExecutor-6-thread-1) [   ] o.a.s.c.ConfigSetProperties Did not find ConfigSet properties, assuming default properties: Can't find resource 'configsetprops.json' in classpath or '/var/solr/data/namesearch'
1836 INFO  (coreLoadExecutor-6-thread-1) [   ] o.a.s.c.CoreContainer Creating SolrCore 'namesearch' using configuration from instancedir /var/solr/data/namesearch
1849 INFO  (coreLoadExecutor-6-thread-1) [   x:namesearch] o.a.s.c.SolrCore solr.NRTCachingDirectoryFactory
1855 INFO  (coreLoadExecutor-6-thread-1) [   x:namesearch] o.a.s.c.SolrCore [[namesearch] ] Opening new SolrCore at [/var/solr/data/namesearch], dataDir=[/var/solr/data/namesearch/data/]
1857 INFO  (coreLoadExecutor-6-thread-1) [   x:namesearch] o.a.s.c.JmxMonitoredMap No JMX servers found, not exposing Solr information with JMX.
1859 INFO  (coreLoadExecutor-6-thread-1) [   x:namesearch] o.a.s.c.SolrCore [[namesearch] ] Added SolrEventListener for newSearcher: [org.apache.solr.core.QuerySenderListener{queries=[]}]
1859 INFO  (coreLoadExecutor-6-thread-1) [   x:namesearch] o.a.s.c.SolrCore [[namesearch] ] Added SolrEventListener for firstSearcher: [org.apache.solr.core.QuerySenderListener{queries=[]}]
1901 INFO  (coreLoadExecutor-6-thread-1) [   x:namesearch] o.a.s.c.CachingDirectoryFactory return new directory for /var/solr/data/namesearch/data/snapshot_metadata
1902 INFO  (coreLoadExecutor-6-thread-1) [   x:namesearch] o.a.s.c.s.SolrSnapshotMetaDataManager Loading from snapshot metadata file...
1904 INFO  (coreLoadExecutor-6-thread-1) [   x:namesearch] o.a.s.c.SchemaCodecFactory Using default compressionMode: BEST_SPEED
1905 INFO  (coreLoadExecutor-6-thread-1) [   x:namesearch] o.a.s.c.CachingDirectoryFactory return new directory for /var/solr/data/namesearch/data
1905 INFO  (coreLoadExecutor-6-thread-1) [   x:namesearch] o.a.s.c.SolrCore New index directory detected: old=null new=/var/solr/data/namesearch/data/index/
1905 INFO  (coreLoadExecutor-6-thread-1) [   x:namesearch] o.a.s.c.CachingDirectoryFactory return new directory for /var/solr/data/namesearch/data/index
1916 INFO  (coreLoadExecutor-6-thread-1) [   x:namesearch] o.a.s.c.PluginBag queryResponseWriter : 'velocity' created with startup=lazy 
1918 INFO  (coreLoadExecutor-6-thread-1) [   x:namesearch] o.a.s.r.XSLTResponseWriter xsltCacheLifetimeSeconds=5
1919 INFO  (OldIndexDirectoryCleanupThreadForCore-namesearch) [   x:namesearch] o.a.s.c.SolrCore Looking for old index directories to cleanup for core namesearch in /var/solr/data/namesearch/data/
1999 INFO  (coreLoadExecutor-6-thread-1) [   x:namesearch] o.a.s.u.p.UpdateRequestProcessorChain creating updateRequestProcessorChain "add-unknown-fields-to-the-schema"
2053 INFO  (coreLoadExecutor-6-thread-1) [   x:namesearch] o.a.s.u.p.UpdateRequestProcessorChain creating updateRequestProcessorChain "langid"
2473 INFO  (coreLoadExecutor-6-thread-1) [   x:namesearch] o.a.s.u.p.UpdateRequestProcessorChain inserting DistributedUpdateProcessorFactory into updateRequestProcessorChain "langid"
2473 INFO  (coreLoadExecutor-6-thread-1) [   x:namesearch] o.a.s.c.SolrCore no updateRequestProcessorChain defined as default, creating implicit default
2507 INFO  (coreLoadExecutor-6-thread-1) [   x:namesearch] o.a.s.h.l.XMLLoader xsltCacheLifetimeSeconds=60
2513 INFO  (coreLoadExecutor-6-thread-1) [   x:namesearch] o.a.s.h.l.XMLLoader xsltCacheLifetimeSeconds=60
2515 INFO  (coreLoadExecutor-6-thread-1) [   x:namesearch] o.a.s.h.l.XMLLoader xsltCacheLifetimeSeconds=60
2517 INFO  (coreLoadExecutor-6-thread-1) [   x:namesearch] o.a.s.h.l.XMLLoader xsltCacheLifetimeSeconds=60
2654 INFO  (coreLoadExecutor-6-thread-1) [   x:namesearch] o.a.s.c.PluginBag requestHandler : '/terms' created with startup=lazy 
2656 INFO  (coreLoadExecutor-6-thread-1) [   x:namesearch] o.a.s.c.PluginBag requestHandler : '/update/extract' created with startup=lazy 
2656 INFO  (coreLoadExecutor-6-thread-1) [   x:namesearch] o.a.s.c.PluginBag requestHandler : '/analysis/field' created with startup=lazy 
2657 INFO  (coreLoadExecutor-6-thread-1) [   x:namesearch] o.a.s.c.PluginBag requestHandler : '/analysis/document' created with startup=lazy 
2660 INFO  (coreLoadExecutor-6-thread-1) [   x:namesearch] o.a.s.c.PluginBag requestHandler : '/spell' created with startup=lazy 
2661 INFO  (coreLoadExecutor-6-thread-1) [   x:namesearch] o.a.s.c.PluginBag requestHandler : '/tvrh' created with startup=lazy 
2661 INFO  (coreLoadExecutor-6-thread-1) [   x:namesearch] o.a.s.c.PluginBag requestHandler : '/elevate' created with startup=lazy 
2661 INFO  (coreLoadExecutor-6-thread-1) [   x:namesearch] o.a.s.c.RequestHandlers Registered paths: /admin/mbeans,/browse,/update/json/docs,/admin/luke,/export,/get,/admin/properties,/elevate,/update/json,/admin/threads,/query,/analysis/field,/analysis/document,/spell,/update/csv,/sql,/graph,/tvrh,/select,/admin/segments,/admin/system,/replication,/config,/stream,/schema,/admin/plugins,/admin/logging,/admin/ping,/update,/admin/file,/terms,/debug/dump,/dataimport,/update/extract
2661 INFO  (coreLoadExecutor-6-thread-1) [   x:namesearch] o.a.s.c.SolrCore Using default statsCache cache: org.apache.solr.search.stats.LocalStatsCache
2679 INFO  (coreLoadExecutor-6-thread-1) [   x:namesearch] o.a.s.u.UpdateHandler Using UpdateLog implementation: org.apache.solr.update.UpdateLog
2679 INFO  (coreLoadExecutor-6-thread-1) [   x:namesearch] o.a.s.u.UpdateLog Initializing UpdateLog: dataDir= defaultSyncLevel=FLUSH numRecordsToKeep=100 maxNumLogsToKeep=10 numVersionBuckets=65536
2696 INFO  (coreLoadExecutor-6-thread-1) [   x:namesearch] o.a.s.u.CommitTracker Hard AutoCommit: if uncommited for 15000ms; 
2696 INFO  (coreLoadExecutor-6-thread-1) [   x:namesearch] o.a.s.u.CommitTracker Soft AutoCommit: disabled
2752 INFO  (coreLoadExecutor-6-thread-1) [   x:namesearch] o.a.s.c.SolrDeletionPolicy SolrDeletionPolicy.onInit: commits: num=1
	commit{dir=NRTCachingDirectory(MMapDirectory@/var/solr/data/namesearch/data/index lockFactory=org.apache.lucene.store.NativeFSLockFactory@40eb0674; maxCacheMB=48.0 maxMergeSizeMB=4.0),segFN=segments_13,generation=39}
2752 INFO  (coreLoadExecutor-6-thread-1) [   x:namesearch] o.a.s.c.SolrDeletionPolicy newest commit generation = 39
2799 INFO  (coreLoadExecutor-6-thread-1) [   x:namesearch] o.a.s.s.SolrIndexSearcher Opening [Searcher@5a612730[namesearch] main]
2821 INFO  (coreLoadExecutor-6-thread-1) [   x:namesearch] o.a.s.r.ManagedResourceStorage File-based storage initialized to use dir: /var/solr/data/namesearch/conf
2828 INFO  (coreLoadExecutor-6-thread-1) [   x:namesearch] o.a.s.r.RestManager Initializing RestManager with initArgs: {storageDir=/var/solr/data/namesearch/conf}
2831 INFO  (coreLoadExecutor-6-thread-1) [   x:namesearch] o.a.s.r.ManagedResourceStorage Reading _rest_managed.json using file:dir=/var/solr/data/namesearch/conf
2832 INFO  (coreLoadExecutor-6-thread-1) [   x:namesearch] o.a.s.r.RestManager Initializing 1 registered ManagedResources
2832 INFO  (coreLoadExecutor-6-thread-1) [   x:namesearch] o.a.s.r.ManagedResourceStorage Reading _schema_analysis_stopwords_persian.json using file:dir=/var/solr/data/namesearch/conf
2833 WARN  (coreLoadExecutor-6-thread-1) [   x:namesearch] o.a.s.r.ManagedResource No stored data found for /schema/analysis/stopwords/persian
2834 INFO  (coreLoadExecutor-6-thread-1) [   x:namesearch] o.a.s.r.ManagedResourceStorage Saved JSON object to path _schema_analysis_stopwords_persian.json using file:dir=/var/solr/data/namesearch/conf
2834 INFO  (coreLoadExecutor-6-thread-1) [   x:namesearch] o.a.s.r.s.a.ManagedWordSetResource Loaded 0 words for /schema/analysis/stopwords/persian
2834 INFO  (coreLoadExecutor-6-thread-1) [   x:namesearch] o.a.s.r.ManagedResource Notified 2 observers of /schema/analysis/stopwords/persian
2838 INFO  (coreLoadExecutor-6-thread-1) [   x:namesearch] o.a.s.h.c.SpellCheckComponent Initializing spell checkers
2842 INFO  (coreLoadExecutor-6-thread-1) [   x:namesearch] o.a.s.s.DirectSolrSpellChecker init: {name=default,field=name_family,classname=solr.DirectSolrSpellChecker,distanceMeasure=internal,accuracy=0.5,maxEdits=2,minPrefix=1,maxInspections=5,minQueryLength=4,maxQueryFrequency=0.01,thresholdTokenFrequency=0.01}
2851 INFO  (coreLoadExecutor-6-thread-1) [   x:namesearch] o.a.s.h.c.SpellCheckComponent No queryConverter defined, using default converter
2852 INFO  (coreLoadExecutor-6-thread-1) [   x:namesearch] o.a.s.h.c.QueryElevationComponent Loading QueryElevation from data dir: elevate.xml
2866 INFO  (coreLoadExecutor-6-thread-1) [   x:namesearch] o.a.s.h.ReplicationHandler Commits will be reserved for  10000
2876 INFO  (searcherExecutor-7-thread-1-processing-x:namesearch) [   x:namesearch] o.a.s.c.QuerySenderListener QuerySenderListener sending requests to Searcher@5a612730[namesearch] main{ExitableDirectoryReader(UninvertingDirectoryReader(Uninverting(_x(6.2.1):C8299)))}
2876 INFO  (searcherExecutor-7-thread-1-processing-x:namesearch) [   x:namesearch] o.a.s.c.QuerySenderListener QuerySenderListener done.
2876 INFO  (searcherExecutor-7-thread-1-processing-x:namesearch) [   x:namesearch] o.a.s.h.c.SpellCheckComponent Loading spell index for spellchecker: default
2876 INFO  (searcherExecutor-7-thread-1-processing-x:namesearch) [   x:namesearch] o.a.s.h.c.SpellCheckComponent Loading spell index for spellchecker: wordbreak
2876 INFO  (searcherExecutor-7-thread-1-processing-x:namesearch) [   x:namesearch] o.a.s.h.c.SpellCheckComponent Loading spell index for spellchecker: jarowinkler
2876 INFO  (coreLoadExecutor-6-thread-1) [   x:namesearch] o.a.s.u.UpdateLog Looking up max value of version field to seed version buckets
2877 INFO  (searcherExecutor-7-thread-1-processing-x:namesearch) [   x:namesearch] o.a.s.c.SolrCore [namesearch] Registered new searcher Searcher@5a612730[namesearch] main{ExitableDirectoryReader(UninvertingDirectoryReader(Uninverting(_x(6.2.1):C8299)))}
2877 INFO  (coreLoadExecutor-6-thread-1) [   x:namesearch] o.a.s.u.VersionInfo Refreshing highest value of _version_ for 65536 version buckets from index
2888 INFO  (coreLoadExecutor-6-thread-1) [   x:namesearch] o.a.s.u.VersionInfo Found MAX value 1550975184599515153 from Terms for _version_ in index
2891 INFO  (coreLoadExecutor-6-thread-1) [   x:namesearch] o.a.s.u.UpdateLog Took 14.0ms to seed version buckets with highest version 1550975184599515153
2892 INFO  (coreLoadExecutor-6-thread-1) [   x:namesearch] o.a.s.c.CoreContainer registering core: namesearch
6318191 INFO  (qtp1983747920-18) [   x:namesearch] o.a.s.c.S.Request [namesearch]  webapp=/solr path=/admin/mbeans params={cat=QUERYHANDLER&wt=json&_=1479132090245} status=0 QTime=19
6318195 INFO  (qtp1983747920-16) [   ] o.a.s.s.HttpSolrCall [admin] webapp=null path=/admin/cores params={indexInfo=false&wt=json&_=1479123987504} status=0 QTime=23
6318257 INFO  (qtp1983747920-19) [   ] o.a.s.s.HttpSolrCall [admin] webapp=null path=/admin/info/system params={wt=json&_=1479123987504} status=0 QTime=68
6318384 INFO  (qtp1983747920-15) [   ] o.a.s.s.HttpSolrCall [admin] webapp=null path=/admin/cores params={indexInfo=false&wt=json&_=1479123987504} status=0 QTime=0
6318394 INFO  (qtp1983747920-15) [   x:namesearch] o.a.s.c.S.Request [namesearch]  webapp=/solr path=/admin/mbeans params={cat=QUERYHANDLER&wt=json&_=1479132090245} status=0 QTime=0
6318403 INFO  (qtp1983747920-20) [   ] o.a.s.s.HttpSolrCall [admin] webapp=null path=/admin/info/system params={wt=json&_=1479123987504} status=0 QTime=17
6318406 INFO  (qtp1983747920-14) [   x:namesearch] o.a.s.c.S.Request [namesearch]  webapp=/solr path=/dataimport params={indent=on&wt=json&command=show-config&_=1479132090246} status=0 QTime=3
6318464 INFO  (qtp1983747920-13) [   x:namesearch] o.a.s.c.S.Request [namesearch]  webapp=/solr path=/dataimport params={indent=on&wt=json&command=status&_=1479132090246} status=0 QTime=0
6385443 INFO  (qtp1983747920-16) [   x:namesearch] o.a.s.h.d.DataImporter Loading DIH Configuration: /var/solr/data/namesearch/dataConfig.xml
6385458 INFO  (qtp1983747920-16) [   x:namesearch] o.a.s.h.d.c.DIHConfiguration id is a required field in SolrSchema . But not found in DataConfig
6385459 INFO  (qtp1983747920-16) [   x:namesearch] o.a.s.h.d.c.DIHConfiguration id is a required field in SolrSchema . But not found in DataConfig
6385459 INFO  (qtp1983747920-16) [   x:namesearch] o.a.s.h.d.DataImporter Data Configuration loaded successfully
6385466 INFO  (qtp1983747920-16) [   x:namesearch] o.a.s.c.S.Request [namesearch]  webapp=/solr path=/dataimport params={core=namesearch&optimize=false&indent=on&commit=true&name=dataimport&clean=true&wt=json&command=full-import&entity=brboss&_=1479132090246&verbose=false} status=0 QTime=24
6385478 INFO  (qtp1983747920-19) [   x:namesearch] o.a.s.c.S.Request [namesearch]  webapp=/solr path=/dataimport params={indent=on&wt=json&command=status&_=1479132090246} status=0 QTime=0
6385480 INFO  (Thread-14) [   x:namesearch] o.a.s.h.d.DataImporter Starting Full Import
6385506 INFO  (Thread-14) [   x:namesearch] o.a.s.h.d.SimplePropertiesWriter Read dataimport.properties
6385688 INFO  (Thread-14) [   x:namesearch] o.a.s.s.SolrIndexSearcher Opening [Searcher@23fa6669[namesearch] realtime]
6385706 INFO  (Thread-14) [   x:namesearch] o.a.s.h.d.JdbcDataSource Creating a connection for entity brboss with URL: jdbc:mysql://192.168.245.1/insp_v2?useUnicode=true&characterEncoding=UTF-8
6385879 INFO  (Thread-14) [   x:namesearch] o.a.s.h.d.JdbcDataSource Time taken for getConnection(): 173
6386709 INFO  (Thread-14) [   x:namesearch] o.a.s.h.d.DocBuilder Import completed successfully
6386710 INFO  (Thread-14) [   x:namesearch] o.a.s.u.DirectUpdateHandler2 start commit{,optimize=false,openSearcher=true,waitSearcher=true,expungeDeletes=false,softCommit=false,prepareCommit=false}
6386710 INFO  (Thread-14) [   x:namesearch] o.a.s.u.SolrIndexWriter Calling setCommitData with IW:org.apache.solr.update.SolrIndexWriter@639a5aa8
6386863 INFO  (Thread-14) [   x:namesearch] o.a.s.c.SolrDeletionPolicy SolrDeletionPolicy.onCommit: commits: num=2
	commit{dir=NRTCachingDirectory(MMapDirectory@/var/solr/data/namesearch/data/index lockFactory=org.apache.lucene.store.NativeFSLockFactory@40eb0674; maxCacheMB=48.0 maxMergeSizeMB=4.0),segFN=segments_13,generation=39}
	commit{dir=NRTCachingDirectory(MMapDirectory@/var/solr/data/namesearch/data/index lockFactory=org.apache.lucene.store.NativeFSLockFactory@40eb0674; maxCacheMB=48.0 maxMergeSizeMB=4.0),segFN=segments_14,generation=40}
6386863 INFO  (Thread-14) [   x:namesearch] o.a.s.c.SolrDeletionPolicy newest commit generation = 40
6386866 INFO  (Thread-14) [   x:namesearch] o.a.s.s.SolrIndexSearcher Opening [Searcher@604ad3a6[namesearch] main]
6386867 INFO  (Thread-14) [   x:namesearch] o.a.s.u.DirectUpdateHandler2 end_commit_flush
6386867 INFO  (searcherExecutor-7-thread-1-processing-x:namesearch) [   x:namesearch] o.a.s.c.QuerySenderListener QuerySenderListener sending requests to Searcher@604ad3a6[namesearch] main{ExitableDirectoryReader(UninvertingDirectoryReader(Uninverting(_y(6.2.1):C8299)))}
6386867 INFO  (searcherExecutor-7-thread-1-processing-x:namesearch) [   x:namesearch] o.a.s.c.QuerySenderListener QuerySenderListener done.
6386867 INFO  (searcherExecutor-7-thread-1-processing-x:namesearch) [   x:namesearch] o.a.s.c.SolrCore [namesearch] Registered new searcher Searcher@604ad3a6[namesearch] main{ExitableDirectoryReader(UninvertingDirectoryReader(Uninverting(_y(6.2.1):C8299)))}
6386869 INFO  (Thread-14) [   x:namesearch] o.a.s.h.d.SimplePropertiesWriter Read dataimport.properties
6386869 INFO  (Thread-14) [   x:namesearch] o.a.s.h.d.SimplePropertiesWriter Wrote last indexed time to dataimport.properties
6386870 INFO  (Thread-14) [   x:namesearch] o.a.s.h.d.DocBuilder Time taken = 0:0:1.362
6386870 INFO  (Thread-14) [   x:namesearch] o.a.s.u.p.LogUpdateProcessorFactory [namesearch]  webapp=/solr path=/dataimport params={core=namesearch&optimize=false&indent=on&commit=true&name=dataimport&clean=true&wt=json&command=full-import&entity=brboss&_=1479132090246&verbose=false} status=0 QTime=24{deleteByQuery=*:* (-1550982481470029824),add=[1 (1550982481791942656), 2 (1550982481818157056), 3 (1550982481819205632), 4 (1550982481821302784), 5 (1550982481822351360), 6 (1550982481823399936), 7 (1550982481825497088), 8 (1550982481825497089), 9 (1550982481826545664), 10 (1550982481826545665), ... (8299 adds)],commit=} 0 1428
6388175 INFO  (qtp1983747920-18) [   x:namesearch] o.a.s.c.S.Request [namesearch]  webapp=/solr path=/dataimport params={indent=on&wt=json&command=status&_=1479132090246} status=0 QTime=1
